-------------------------------------------------------------------------------
Test set: com.diegolottermann.demoacmeap.DemoAcmeApApplicationTests
-------------------------------------------------------------------------------
Tests run: 1, Failures: 0, Errors: 1, Skipped: 0, Time elapsed: 0.232 s <<< FAILURE! - in com.diegolottermann.demoacmeap.DemoAcmeApApplicationTests
com.diegolottermann.demoacmeap.DemoAcmeApApplicationTests  Time elapsed: 0.231 s  <<< ERROR!
java.lang.IllegalStateException: Found multiple @SpringBootConfiguration annotated classes [Generic bean: class [com.diegolottermann.demoacmeap.DemoAcmeApApplication]; scope=; abstract=false; lazyInit=null; autowireMode=0; dependencyCheck=0; autowireCandidate=true; primary=false; factoryBeanName=null; factoryMethodName=null; initMethodName=null; destroyMethodName=null; defined in file [/home/dlottermann/Documentos/IGTI/ARI212A/diegolottermann-IGTI-ARI/target/classes/com/diegolottermann/demoacmeap/DemoAcmeApApplication.class], Generic bean: class [com.diegolottermann.demoacmeap.DemoMonoliticaSwagger2]; scope=; abstract=false; lazyInit=null; autowireMode=0; dependencyCheck=0; autowireCandidate=true; primary=false; factoryBeanName=null; factoryMethodName=null; initMethodName=null; destroyMethodName=null; defined in file [/home/dlottermann/Documentos/IGTI/ARI212A/diegolottermann-IGTI-ARI/target/classes/com/diegolottermann/demoacmeap/DemoMonoliticaSwagger2.class]]

